<?xml version="1.0" encoding="UTF-8"?>
<!-- Generated by org.testng.reporters.JUnitReportReporter -->
<testsuite hostname="spbws-l-010" name="ru.st.selenium.HomePageTest" tests="2" failures="0" timestamp="4 Dec 2015 10:30:41 GMT" time="0.078" errors="0">
  <testcase name="testH1Existing" time="0.077" classname="ru.st.selenium.HomePageTest"/>
  <testcase name="test2" time="0.001" classname="ru.st.selenium.HomePageTest"/>
</testsuite> <!-- ru.st.selenium.HomePageTest -->
