<?xml version="1.0" encoding="UTF-8"?>
<!-- Generated by org.testng.reporters.JUnitReportReporter -->
<testsuite hostname="spbws-l-010" name="ru.st.selenium.LoginTest" tests="1" failures="0" timestamp="8 Dec 2015 09:54:51 GMT" time="1.474" errors="0">
  <testcase name="testUntitled" time="1.474" classname="ru.st.selenium.LoginTest"/>
</testsuite> <!-- ru.st.selenium.LoginTest -->
